2020-12-02 14:03:19      "Controller:IndexController      action:detail"
2020-12-02 14:03:22      "Controller:IndexController      action:index"
2020-12-02 14:03:27      "Controller:IndexController      action:detail"
2020-12-02 14:04:06      "Controller:IndexController      action:index"
2020-12-02 14:04:08      "Controller:IndexController      action:login"
2020-12-02 14:04:08      "Controller:IndexController      action:captcha"
2020-12-02 14:04:14      "Controller:IndexController      action:verify"
2020-12-02 14:04:14      "Controller:IndexController      action:captcha"
2020-12-02 14:04:14      "Controller:AdminController      action:index"
2020-12-02 14:04:22      "Controller:SuperController      action:confirm"
2020-12-02 14:04:27      "Controller:SuperController      action:confirm"
2020-12-02 14:04:31      "Controller:SuperController      action:confirm"
2020-12-02 14:04:38      "Controller:IndexController      action:index"
2020-12-02 14:04:42      "Controller:IndexController      action:detail"
2020-12-02 14:04:47      "Controller:IndexController      action:index"
2020-12-02 14:04:51      "Controller:IndexController      action:index"
2020-12-02 14:04:54      "Controller:IndexController      action:detail"
2020-12-02 14:05:22      "Controller:IndexController      action:index"
2020-12-02 14:05:32      "Controller:IndexController      action:detail"
2020-12-02 14:05:51      "Controller:IndexController      action:detail"
2020-12-02 14:06:01      "Controller:IndexController      action:index"
2020-12-02 14:10:20      "Controller:IndexController      action:index"
2020-12-02 14:10:36      "Controller:IndexController      action:index"
2020-12-02 14:10:55      "Controller:IndexController      action:index"
2020-12-02 14:11:31      "Controller:IndexController      action:index"
2020-12-02 14:12:12      "Controller:IndexController      action:index"
2020-12-02 14:12:36      "Controller:IndexController      action:index"
2020-12-02 14:13:56      "Controller:IndexController      action:index"
2020-12-02 14:15:34      "Controller:IndexController      action:index"
2020-12-02 14:15:40      "Controller:IndexController      action:index"
2020-12-02 14:16:50      "Controller:IndexController      action:index"
2020-12-02 14:16:57      "Controller:IndexController      action:index"
2020-12-02 14:16:59      "Controller:IndexController      action:index"
2020-12-02 14:17:10      "Controller:IndexController      action:index"
2020-12-02 14:17:33      "Controller:IndexController      action:index"
2020-12-02 14:23:23      "Controller:IndexController      action:index"
2020-12-02 14:24:05      "Controller:IndexController      action:index"
2020-12-02 14:44:48      "Controller:IndexController      action:index"
2020-12-02 14:44:50      "Controller:IndexController      action:index"
2020-12-02 14:45:14      "Controller:IndexController      action:index"
2020-12-02 14:45:19      "Controller:IndexController      action:index"
2020-12-02 14:52:44      "Controller:IndexController      action:index"
2020-12-02 14:52:49      "Controller:IndexController      action:index"
2020-12-02 14:53:57      "Controller:IndexController      action:index"
2020-12-02 14:53:59      "Controller:IndexController      action:index"
2020-12-02 14:54:28      "Controller:IndexController      action:index"
2020-12-02 14:56:38      "Controller:IndexController      action:index"
2020-12-02 14:57:18      "Controller:IndexController      action:index"
2020-12-02 14:57:59      "Controller:IndexController      action:index"
2020-12-02 14:58:01      "Controller:IndexController      action:index"
2020-12-02 14:58:05      "Controller:IndexController      action:index"
2020-12-02 14:58:07      "Controller:IndexController      action:index"
2020-12-02 14:58:09      "Controller:IndexController      action:index"
2020-12-02 14:58:32      "Controller:IndexController      action:index"
2020-12-02 14:58:33      "Controller:IndexController      action:index"
2020-12-02 14:59:57      "Controller:IndexController      action:index"
