2020-12-02 07:03:19      "Controller:AdminController      action:deleteArticle"
2020-12-02 07:11:02      "Controller:AdminController      action:deleteArticle"
2020-12-02 07:13:28      "Controller:AdminController      action:index"
2020-12-02 07:13:30      "Controller:AdminController      action:add_article"
2020-12-02 07:22:53      "Controller:AdminController      action:index"
2020-12-02 07:23:04      "Controller:SuperController      action:confirm"
2020-12-02 07:23:16      "Controller:IndexController      action:index"
2020-12-02 07:23:19      "Controller:IndexController      action:detail"
2020-12-02 07:23:21      "Controller:IndexController      action:index"
2020-12-02 07:23:23      "Controller:IndexController      action:detail"
2020-12-02 07:24:39      "Controller:IndexController      action:index"
2020-12-02 07:24:41      "Controller:AdminController      action:index"
2020-12-02 07:24:43      "Controller:AdminController      action:add_article"
2020-12-02 07:25:25      "Controller:AdminController      action:index"
2020-12-02 07:27:37      "Controller:AdminController      action:index"
2020-12-02 07:28:01      "Controller:AdminController      action:index"
2020-12-02 07:28:06      "Controller:SuperController      action:confirm"
2020-12-02 07:28:08      "Controller:IndexController      action:index"
2020-12-02 07:28:09      "Controller:IndexController      action:detail"
2020-12-02 07:29:36      "Controller:IndexController      action:detail"
2020-12-02 07:31:39      "Controller:IndexController      action:detail"
2020-12-02 07:31:42      "Controller:IndexController      action:index"
2020-12-02 07:31:44      "Controller:IndexController      action:detail"
2020-12-02 07:31:56      "Controller:IndexController      action:index"
2020-12-02 07:40:08      "Controller:IndexController      action:index"
2020-12-02 07:40:54      "Controller:AdminController      action:index"
2020-12-02 07:41:25      "Controller:AdminController      action:index"
2020-12-02 07:41:30      "Controller:AdminController      action:index"
2020-12-02 07:41:38      "Controller:AdminController      action:index"
2020-12-02 07:41:40      "Controller:AdminController      action:edit"
2020-12-02 07:41:42      "Controller:AdminController      action:index"
2020-12-02 07:45:34      "Controller:AdminController      action:index"
2020-12-02 07:45:36      "Controller:AdminController      action:index"
2020-12-02 07:49:10      "Controller:AdminController      action:index"
2020-12-02 07:49:21      "Controller:AdminController      action:editArticle"
2020-12-02 07:49:31      "Controller:AdminController      action:index"
2020-12-02 07:49:35      "Controller:IndexController      action:index"
2020-12-02 07:49:37      "Controller:IndexController      action:login"
2020-12-02 07:49:37      "Controller:IndexController      action:captcha"
2020-12-02 07:49:44      "Controller:IndexController      action:verify"
2020-12-02 07:49:44      "Controller:IndexController      action:captcha"
2020-12-02 07:49:44      "Controller:AdminController      action:index"
2020-12-02 07:49:51      "Controller:AdminController      action:editArticle"
2020-12-02 07:52:47      "Controller:AdminController      action:editArticle"
2020-12-02 07:53:02      "Controller:AdminController      action:editArticle"
2020-12-02 07:53:11      "Controller:AdminController      action:editArticle"
2020-12-02 07:57:37      "Controller:AdminController      action:index"
2020-12-02 07:58:17      "Controller:AdminController      action:index"
2020-12-02 07:58:20      "Controller:AdminController      action:index"
2020-12-02 07:58:39      "Controller:AdminController      action:index"
2020-12-02 07:58:58      "Controller:AdminController      action:index"
2020-12-02 07:59:31      "Controller:AdminController      action:editArticle"
2020-12-02 07:59:42      "Controller:AdminController      action:index"
