2020-11-23 01:25:32      "Controller:IndexController      action:index"
2020-11-23 01:25:34      "Controller:IndexController      action:login"
2020-11-23 01:25:35      "Controller:IndexController      action:captcha"
2020-11-23 01:25:36      "Controller:IndexController      action:index"
2020-11-23 01:27:40      "Controller:IndexController      action:index"
2020-11-23 01:34:04      "Controller:IndexController      action:index"
2020-11-23 01:34:05      "Controller:IndexController      action:login"
2020-11-23 01:34:05      "Controller:IndexController      action:captcha"
2020-11-23 01:35:01      "Controller:IndexController      action:verify"
2020-11-23 01:35:08      "Controller:IndexController      action:login"
2020-11-23 01:35:09      "Controller:IndexController      action:captcha"
2020-11-23 01:35:39      "Controller:IndexController      action:login"
2020-11-23 01:35:39      "Controller:IndexController      action:captcha"
2020-11-23 01:40:04      "Controller:IndexController      action:login"
2020-11-23 01:40:05      "Controller:IndexController      action:captcha"
2020-11-23 01:40:09      "Controller:IndexController      action:index"
2020-11-23 01:40:51      "Controller:IndexController      action:index"
2020-11-23 01:41:11      "Controller:IndexController      action:index"
2020-11-23 01:41:38      "Controller:IndexController      action:index"
2020-11-23 01:41:58      "Controller:IndexController      action:index"
2020-11-23 01:42:10      "Controller:IndexController      action:index"
2020-11-23 01:42:16      "Controller:IndexController      action:index"
2020-11-23 01:43:26      "Controller:IndexController      action:index"
2020-11-23 01:43:27      "Controller:IndexController      action:index"
2020-11-23 01:43:53      "Controller:IndexController      action:login"
2020-11-23 01:43:53      "Controller:IndexController      action:captcha"
2020-11-23 01:44:07      "Controller:IndexController      action:verify"
2020-11-23 01:44:21      "Controller:IndexController      action:index"
2020-11-23 01:44:42      "Controller:IndexController      action:index"
2020-11-23 01:44:51      "Controller:IndexController      action:login"
2020-11-23 01:44:51      "Controller:IndexController      action:captcha"
2020-11-23 01:44:53      "Controller:IndexController      action:index"
2020-11-23 01:46:21      "Controller:IndexController      action:logout"
2020-11-23 01:46:25      "Controller:IndexController      action:logout"
2020-11-23 01:46:29      "Controller:IndexController      action:index"
2020-11-23 01:46:32      "Controller:IndexController      action:login"
2020-11-23 01:46:32      "Controller:IndexController      action:captcha"
2020-11-23 01:46:53      "Controller:IndexController      action:verify"
2020-11-23 01:46:55      "Controller:IndexController      action:index"
2020-11-23 01:48:10      "Controller:IndexController      action:index"
2020-11-23 01:48:35      "Controller:IndexController      action:index"
2020-11-23 01:49:47      "Controller:IndexController      action:index"
2020-11-23 01:51:04      "Controller:IndexController      action:index"
