2020-11-23 11:01:39      "Controller:IndexController      action:add"
2020-11-23 11:03:14      "Controller:IndexController      action:register"
2020-11-23 11:03:15      "Controller:IndexController      action:captcha"
2020-11-23 11:09:04      "Controller:IndexController      action:add"
2020-11-23 11:09:37      "Controller:IndexController      action:add"
2020-11-23 11:11:10      "Controller:IndexController      action:register"
2020-11-23 11:11:10      "Controller:IndexController      action:captcha"
2020-11-23 11:11:32      "Controller:IndexController      action:add"
2020-11-23 11:11:45      "Controller:IndexController      action:register"
2020-11-23 11:11:45      "Controller:IndexController      action:captcha"
2020-11-23 11:12:00      "Controller:IndexController      action:add"
2020-11-23 11:12:00      "Controller:IndexController      action:captcha"
2020-11-23 11:12:38      "Controller:IndexController      action:register"
2020-11-23 11:12:39      "Controller:IndexController      action:captcha"
2020-11-23 11:12:54      "Controller:IndexController      action:add"
2020-11-23 11:12:55      "Controller:AdminController      action:index"
2020-11-23 11:13:03      "Controller:AdminController      action:index"
2020-11-23 11:13:31      "Controller:IndexController      action:index"
2020-11-23 11:13:50      "Controller:IndexController      action:index"
2020-11-23 11:13:51      "Controller:IndexController      action:register"
2020-11-23 11:13:51      "Controller:IndexController      action:captcha"
2020-11-23 11:14:00      "Controller:IndexController      action:add"
2020-11-23 11:14:00      "Controller:IndexController      action:captcha"
2020-11-23 11:14:07      "Controller:IndexController      action:add"
2020-11-23 11:14:07      "Controller:IndexController      action:captcha"
2020-11-23 11:14:15      "Controller:IndexController      action:add"
2020-11-23 11:14:15      "Controller:IndexController      action:captcha"
2020-11-23 11:14:23      "Controller:IndexController      action:add"
2020-11-23 11:14:23      "Controller:IndexController      action:login"
2020-11-23 11:14:23      "Controller:IndexController      action:captcha"
2020-11-23 11:14:29      "Controller:IndexController      action:register"
2020-11-23 11:14:30      "Controller:IndexController      action:captcha"
2020-11-23 11:14:38      "Controller:IndexController      action:register"
2020-11-23 11:14:38      "Controller:IndexController      action:captcha"
2020-11-23 11:14:39      "Controller:IndexController      action:index"
2020-11-23 11:14:42      "Controller:IndexController      action:login"
2020-11-23 11:14:42      "Controller:IndexController      action:captcha"
2020-11-23 11:14:50      "Controller:IndexController      action:verify"
2020-11-23 11:14:50      "Controller:AdminController      action:index"
2020-11-23 11:14:50      "Controller:IndexController      action:captcha"
2020-11-23 11:14:52      "Controller:IndexController      action:index"
2020-11-23 11:14:56      "Controller:AdminController      action:index"
2020-11-23 11:15:01      "Controller:IndexController      action:index"
2020-11-23 11:18:44      "Controller:IndexController      action:login"
2020-11-23 11:18:44      "Controller:IndexController      action:captcha"
2020-11-23 11:18:49      "Controller:IndexController      action:verify"
2020-11-23 11:18:49      "Controller:IndexController      action:captcha"
2020-11-23 11:18:49      "Controller:AdminController      action:index"
2020-11-23 11:35:29      "Controller:AdminController      action:index"
2020-11-23 11:35:47      "Controller:AdminController      action:index"
2020-11-23 11:35:55      "Controller:AdminController      action:index"
2020-11-23 11:36:14      "Controller:AdminController      action:index"
2020-11-23 11:36:22      "Controller:AdminController      action:index"
