2020-11-23 03:00:34      "Controller:IndexController      action:index"
2020-11-23 03:00:36      "Controller:IndexController      action:captcha"
2020-11-23 03:00:46      "Controller:IndexController      action:login"
2020-11-23 03:00:46      "Controller:IndexController      action:captcha"
2020-11-23 03:02:12      "Controller:IndexController      action:login"
2020-11-23 03:02:12      "Controller:IndexController      action:captcha"
2020-11-23 03:02:59      "Controller:AdminController      action:index"
2020-11-23 03:03:56      "Controller:IndexController      action:index"
2020-11-23 03:05:31      "Controller:IndexController      action:index"
2020-11-23 03:05:56      "Controller:IndexController      action:index"
2020-11-23 03:06:13      "Controller:IndexController      action:index"
2020-11-23 03:06:18      "Controller:IndexController      action:login"
2020-11-23 03:06:18      "Controller:IndexController      action:captcha"
2020-11-23 03:06:35      "Controller:IndexController      action:login"
2020-11-23 03:06:35      "Controller:IndexController      action:captcha"
2020-11-23 03:06:52      "Controller:IndexController      action:verify"
2020-11-23 03:06:53      "Controller:IndexController      action:captcha"
2020-11-23 03:06:57      "Controller:IndexController      action:verify"
2020-11-23 03:06:59      "Controller:IndexController      action:captcha"
2020-11-23 03:07:03      "Controller:IndexController      action:captcha"
2020-11-23 03:07:07      "Controller:IndexController      action:verify"
2020-11-23 03:07:09      "Controller:AdminController      action:index"
2020-11-23 03:12:11      "Controller:IndexController      action:index"
2020-11-23 03:12:13      "Controller:IndexController      action:index"
2020-11-23 03:12:16      "Controller:IndexController      action:index"
2020-11-23 03:14:24      "Controller:IndexController      action:index"
2020-11-23 03:14:26      "Controller:IndexController      action:login"
2020-11-23 03:14:26      "Controller:IndexController      action:captcha"
2020-11-23 03:14:46      "Controller:IndexController      action:login"
2020-11-23 03:14:46      "Controller:IndexController      action:captcha"
2020-11-23 03:14:51      "Controller:IndexController      action:verify"
2020-11-23 03:14:52      "Controller:IndexController      action:captcha"
2020-11-23 03:14:54      "Controller:IndexController      action:login"
2020-11-23 03:14:54      "Controller:IndexController      action:captcha"
2020-11-23 03:15:05      "Controller:IndexController      action:login"
2020-11-23 03:15:05      "Controller:IndexController      action:captcha"
2020-11-23 03:15:09      "Controller:IndexController      action:verify"
2020-11-23 03:15:09      "Controller:IndexController      action:captcha"
2020-11-23 03:16:11      "Controller:IndexController      action:login"
2020-11-23 03:16:12      "Controller:IndexController      action:captcha"
2020-11-23 03:16:14      "Controller:IndexController      action:verify"
2020-11-23 03:16:14      "Controller:IndexController      action:captcha"
2020-11-23 03:18:53      "Controller:IndexController      action:verify"
2020-11-23 03:19:04      "Controller:IndexController      action:login"
2020-11-23 03:19:05      "Controller:IndexController      action:captcha"
2020-11-23 03:19:11      "Controller:IndexController      action:verify"
2020-11-23 03:19:11      "Controller:AdminController      action:index"
2020-11-23 03:23:16      "Controller:AdminController      action:index"
2020-11-23 03:24:08      "Controller:AdminController      action:index"
2020-11-23 03:24:56      "Controller:AdminController      action:index"
2020-11-23 03:25:13      "Controller:AdminController      action:index"
2020-11-23 03:25:30      "Controller:AdminController      action:index"
2020-11-23 03:25:52      "Controller:AdminController      action:index"
2020-11-23 03:26:34      "Controller:AdminController      action:index"
2020-11-23 03:26:39      "Controller:AdminController      action:index"
2020-11-23 03:26:44      "Controller:IndexController      action:index"
2020-11-23 03:26:46      "Controller:IndexController      action:login"
2020-11-23 03:26:46      "Controller:IndexController      action:captcha"
2020-11-23 03:26:49      "Controller:IndexController      action:login"
2020-11-23 03:26:49      "Controller:IndexController      action:captcha"
2020-11-23 03:26:57      "Controller:IndexController      action:verify"
2020-11-23 03:26:57      "Controller:IndexController      action:captcha"
2020-11-23 03:27:49      "Controller:IndexController      action:login"
2020-11-23 03:27:49      "Controller:IndexController      action:captcha"
2020-11-23 03:27:52      "Controller:IndexController      action:login"
2020-11-23 03:27:52      "Controller:IndexController      action:captcha"
2020-11-23 03:27:56      "Controller:IndexController      action:index"
2020-11-23 03:27:58      "Controller:IndexController      action:login"
2020-11-23 03:27:58      "Controller:IndexController      action:captcha"
2020-11-23 03:53:24      "Controller:IndexController      action:verify"
2020-11-23 03:53:24      "Controller:AdminController      action:index"
2020-11-23 03:53:26      "Controller:IndexController      action:index"
2020-11-23 03:53:55      "Controller:IndexController      action:index"
2020-11-23 03:53:58      "Controller:IndexController      action:index"
2020-11-23 03:53:59      "Controller:AdminController      action:index"
