2020-11-23 07:00:11      "Controller:IndexController      action:index"
2020-11-23 07:00:23      "Controller:IndexController      action:index"
2020-11-23 07:00:49      "Controller:IndexController      action:index"
2020-11-23 07:01:34      "Controller:IndexController      action:index"
2020-11-23 07:01:55      "Controller:IndexController      action:index"
2020-11-23 07:04:25      "Controller:IndexController      action:index"
2020-11-23 07:04:35      "Controller:IndexController      action:index"
2020-11-23 07:06:07      "Controller:IndexController      action:index"
2020-11-23 07:06:30      "Controller:IndexController      action:index"
2020-11-23 07:06:31      "Controller:IndexController      action:index"
2020-11-23 07:06:33      "Controller:AdminController      action:index"
2020-11-23 07:06:36      "Controller:IndexController      action:index"
2020-11-23 07:07:43      "Controller:IndexController      action:index"
2020-11-23 07:16:19      "Controller:AdminController      action:index"
2020-11-23 07:16:23      "Controller:IndexController      action:index"
2020-11-23 07:16:52      "Controller:IndexController      action:index"
2020-11-23 07:17:27      "Controller:IndexController      action:index"
2020-11-23 07:17:29      "Controller:IndexController      action:login"
2020-11-23 07:17:29      "Controller:IndexController      action:captcha"
2020-11-23 07:17:45      "Controller:IndexController      action:login"
2020-11-23 07:17:45      "Controller:IndexController      action:captcha"
2020-11-23 07:21:35      "Controller:IndexController      action:login"
2020-11-23 07:21:35      "Controller:IndexController      action:captcha"
2020-11-23 07:21:39      "Controller:IndexController      action:index"
2020-11-23 07:22:21      "Controller:IndexController      action:index"
2020-11-23 07:22:22      "Controller:IndexController      action:login"
2020-11-23 07:22:22      "Controller:IndexController      action:captcha"
2020-11-23 07:22:26      "Controller:IndexController      action:index"
2020-11-23 07:22:28      "Controller:IndexController      action:login"
2020-11-23 07:22:28      "Controller:IndexController      action:captcha"
2020-11-23 07:22:30      "Controller:IndexController      action:register"
2020-11-23 07:22:30      "Controller:IndexController      action:captcha"
2020-11-23 07:22:32      "Controller:IndexController      action:login"
2020-11-23 07:22:32      "Controller:IndexController      action:captcha"
2020-11-23 07:23:38      "Controller:IndexController      action:login"
2020-11-23 07:23:38      "Controller:IndexController      action:captcha"
2020-11-23 07:24:14      "Controller:IndexController      action:login"
2020-11-23 07:24:14      "Controller:IndexController      action:captcha"
2020-11-23 07:26:11      "Controller:IndexController      action:login"
2020-11-23 07:26:12      "Controller:IndexController      action:captcha"
2020-11-23 07:26:26      "Controller:IndexController      action:verify"
2020-11-23 07:26:26      "Controller:IndexController      action:captcha"
2020-11-23 07:26:26      "Controller:AdminController      action:index"
2020-11-23 07:26:32      "Controller:AdminController      action:index"
2020-11-23 07:34:16      "Controller:AdminController      action:index"
2020-11-23 07:34:33      "Controller:AdminController      action:index"
2020-11-23 07:34:39      "Controller:AdminController      action:index"
2020-11-23 07:38:46      "Controller:AdminController      action:index"
2020-11-23 07:38:55      "Controller:AdminController      action:index"
2020-11-23 07:40:27      "Controller:AdminController      action:index"
2020-11-23 07:40:38      "Controller:AdminController      action:index"
2020-11-23 07:41:06      "Controller:AdminController      action:index"
