2020-11-25 07:15:55      "Controller:IndexController      action:index"
2020-11-25 07:15:57      "Controller:IndexController      action:detail"
2020-11-25 07:15:58      "Controller:IndexController      action:index"
2020-11-25 07:16:00      "Controller:IndexController      action:detail"
2020-11-25 07:16:01      "Controller:IndexController      action:index"
2020-11-25 07:16:02      "Controller:IndexController      action:detail"
2020-11-25 07:16:26      "Controller:IndexController      action:detail"
2020-11-25 07:16:28      "Controller:IndexController      action:index"
2020-11-25 07:16:29      "Controller:IndexController      action:detail"
2020-11-25 07:18:33      "Controller:IndexController      action:detail"
2020-11-25 07:19:00      "Controller:IndexController      action:detail"
2020-11-25 07:20:41      "Controller:IndexController      action:detail"
2020-11-25 07:21:07      "Controller:IndexController      action:detail"
2020-11-25 07:21:08      "Controller:IndexController      action:index"
2020-11-25 07:21:10      "Controller:IndexController      action:detail"
2020-11-25 07:21:11      "Controller:IndexController      action:index"
2020-11-25 07:38:45      "Controller:AdminController      action:index"
2020-11-25 07:38:47      "Controller:AdminController      action:add_article"
2020-11-25 07:44:41      "Controller:AdminController      action:add_article"
2020-11-25 07:52:35      "Controller:AdminController      action:index"
2020-11-25 07:53:20      "Controller:IndexController      action:index"
2020-11-25 07:53:21      "Controller:IndexController      action:login"
2020-11-25 07:53:21      "Controller:IndexController      action:captcha"
2020-11-25 07:53:28      "Controller:IndexController      action:verify"
2020-11-25 07:53:28      "Controller:IndexController      action:captcha"
2020-11-25 07:53:28      "Controller:AdminController      action:index"
2020-11-25 07:53:52      "Controller:AdminController      action:index"
2020-11-25 07:54:46      "Controller:AdminController      action:index"
2020-11-25 07:55:11      "Controller:AdminController      action:index"
2020-11-25 07:55:33      "Controller:AdminController      action:index"
