2020-11-25 08:04:21      "Controller:AdminController      action:index"
2020-11-25 08:04:22      "Controller:SuperController      action:confirm"
2020-11-25 08:04:28      "Controller:AdminController      action:add_article"
2020-11-25 08:05:36      "Controller:AdminController      action:add_article"
2020-11-25 08:05:49      "Controller:AdminController      action:index"
2020-11-25 08:05:56      "Controller:SuperController      action:confirm"
2020-11-25 08:06:11      "Controller:AdminController      action:index"
2020-11-25 08:07:16      "Controller:AdminController      action:index"
2020-11-25 08:07:29      "Controller:AdminController      action:index"
2020-11-25 08:07:36      "Controller:AdminController      action:index"
2020-11-25 08:07:47      "Controller:AdminController      action:index"
2020-11-25 08:08:00      "Controller:AdminController      action:add_article"
2020-11-25 08:10:48      "Controller:AdminController      action:index"
2020-11-25 08:10:51      "Controller:SuperController      action:confirm"
2020-11-25 08:11:38      "Controller:SuperController      action:confirm"
2020-11-25 08:11:51      "Controller:AdminController      action:index"
2020-11-25 08:11:52      "Controller:SuperController      action:confirm"
2020-11-25 08:23:55      "Controller:AdminController      action:index"
2020-11-25 08:23:56      "Controller:SuperController      action:confirm"
2020-11-25 08:24:01      "Controller:AdminController      action:index"
2020-11-25 08:24:18      "Controller:AdminController      action:index"
2020-11-25 08:24:19      "Controller:SuperController      action:confirm"
2020-11-25 08:24:31      "Controller:AdminController      action:index"
2020-11-25 08:24:37      "Controller:SuperController      action:confirm"
2020-11-25 08:26:35      "Controller:AdminController      action:index"
2020-11-25 08:26:37      "Controller:SuperController      action:confirm"
2020-11-25 08:26:40      "Controller:SuperController      action:confirm"
2020-11-25 08:26:42      "Controller:SuperController      action:confirm"
2020-11-25 08:26:49      "Controller:AdminController      action:index"
2020-11-25 08:26:51      "Controller:SuperController      action:confirm"
2020-11-25 08:32:04      "Controller:IndexController      action:index"
2020-11-25 08:32:14      "Controller:IndexController      action:detail"
2020-11-25 08:34:39      "Controller:IndexController      action:detail"
2020-11-25 08:34:46      "Controller:IndexController      action:detail"
