2020-11-24 07:01:05      "Controller:AdminController      action:index"
2020-11-24 07:01:13      "Controller:AdminController      action:index"
2020-11-24 07:19:57      "Controller:AdminController      action:index"
2020-11-24 07:20:06      "Controller:AdminController      action:index"
2020-11-24 07:20:30      "Controller:AdminController      action:index"
2020-11-24 07:23:42      "Controller:AdminController      action:index"
2020-11-24 07:24:47      "Controller:AdminController      action:index"
2020-11-24 07:25:58      "Controller:AdminController      action:index"
2020-11-24 07:26:37      "Controller:AdminController      action:index"
2020-11-24 07:27:43      "Controller:AdminController      action:index"
2020-11-24 07:28:11      "Controller:AdminController      action:index"
2020-11-24 07:28:27      "Controller:AdminController      action:index"
2020-11-24 07:28:36      "Controller:AdminController      action:index"
2020-11-24 07:28:56      "Controller:AdminController      action:index"
2020-11-24 07:31:56      "Controller:IndexController      action:index"
2020-11-24 07:31:58      "Controller:IndexController      action:login"
2020-11-24 07:31:58      "Controller:IndexController      action:captcha"
2020-11-24 07:32:05      "Controller:IndexController      action:verify"
2020-11-24 07:32:05      "Controller:IndexController      action:captcha"
2020-11-24 07:32:05      "Controller:AdminController      action:index"
2020-11-24 07:32:59      "Controller:AdminController      action:index"
2020-11-24 07:34:07      "Controller:AdminController      action:index"
2020-11-24 07:34:36      "Controller:AdminController      action:index"
2020-11-24 07:34:44      "Controller:AdminController      action:index"
2020-11-24 07:35:03      "Controller:AdminController      action:index"
2020-11-24 07:35:16      "Controller:AdminController      action:index"
2020-11-24 07:35:29      "Controller:AdminController      action:index"
2020-11-24 07:35:31      "Controller:AdminController      action:index"
2020-11-24 07:35:48      "Controller:AdminController      action:index"
2020-11-24 07:35:52      "Controller:AdminController      action:index"
2020-11-24 07:35:57      "Controller:AdminController      action:index"
2020-11-24 07:36:08      "Controller:AdminController      action:index"
2020-11-24 07:36:14      "Controller:AdminController      action:index"
2020-11-24 07:36:36      "Controller:AdminController      action:index"
2020-11-24 07:37:05      "Controller:AdminController      action:index"
2020-11-24 07:37:47      "Controller:AdminController      action:index"
2020-11-24 07:37:56      "Controller:AdminController      action:index"
2020-11-24 07:38:02      "Controller:AdminController      action:index"
2020-11-24 07:38:07      "Controller:AdminController      action:index"
2020-11-24 07:39:39      "Controller:AdminController      action:index"
2020-11-24 07:40:36      "Controller:AdminController      action:index"
2020-11-24 07:40:46      "Controller:AdminController      action:index"
2020-11-24 07:41:00      "Controller:AdminController      action:index"
2020-11-24 07:41:07      "Controller:AdminController      action:index"
2020-11-24 07:41:11      "Controller:AdminController      action:index"
2020-11-24 07:44:09      "Controller:AdminController      action:index"
2020-11-24 07:44:11      "Controller:AdminController      action:index"
2020-11-24 07:44:20      "Controller:AdminController      action:index"
2020-11-24 07:44:21      "Controller:AdminController      action:index"
2020-11-24 07:44:22      "Controller:AdminController      action:index"
2020-11-24 07:44:24      "Controller:AdminController      action:index"
2020-11-24 07:44:42      "Controller:AdminController      action:index"
2020-11-24 07:44:43      "Controller:AdminController      action:index"
2020-11-24 07:45:01      "Controller:AdminController      action:index"
2020-11-24 07:51:23      "Controller:AdminController      action:index"
2020-11-24 07:51:43      "Controller:AdminController      action:index"
2020-11-24 07:52:12      "Controller:AdminController      action:index"
2020-11-24 07:53:16      "Controller:AdminController      action:index"
2020-11-24 07:53:28      "Controller:AdminController      action:index"
2020-11-24 07:53:29      "Controller:AdminController      action:index"
