2020-12-08 01:07:52      "Controller:SuperController      action:users"
2020-12-08 01:08:26      "Controller:SuperController      action:users"
2020-12-08 01:08:28      "Controller:SuperController      action:deleteUser"
2020-12-08 01:08:37      "Controller:SuperController      action:users"
2020-12-08 01:09:47      "Controller:SuperController      action:users"
2020-12-08 01:10:32      "Controller:SuperController      action:users"
2020-12-08 01:13:50      "Controller:SuperController      action:users"
2020-12-08 01:14:02      "Controller:SuperController      action:users"
2020-12-08 01:14:03      "Controller:SuperController      action:deleteUser"
2020-12-08 01:14:17      "Controller:SuperController      action:deleteUser"
2020-12-08 01:14:21      "Controller:SuperController      action:users"
2020-12-08 01:16:56      "Controller:SuperController      action:users"
2020-12-08 01:16:59      "Controller:SuperController      action:deleteUser"
2020-12-08 01:17:02      "Controller:SuperController      action:deleteUser"
2020-12-08 01:17:04      "Controller:SuperController      action:users"
2020-12-08 01:17:06      "Controller:SuperController      action:deleteUser"
2020-12-08 01:17:08      "Controller:SuperController      action:users"
2020-12-08 01:19:15      "Controller:IndexController      action:index"
2020-12-08 01:19:17      "Controller:AdminController      action:index"
2020-12-08 01:19:18      "Controller:SuperController      action:users"
2020-12-08 01:27:26      "Controller:SuperController      action:users"
2020-12-08 01:30:03      "Controller:SuperController      action:users"
2020-12-08 01:30:27      "Controller:SuperController      action:users"
2020-12-08 01:30:41      "Controller:SuperController      action:users"
2020-12-08 01:31:14      "Controller:SuperController      action:users"
2020-12-08 01:31:41      "Controller:SuperController      action:users"
2020-12-08 01:31:41      "Controller:IndexController      action:captcha"
2020-12-08 01:32:45      "Controller:SuperController      action:users"
2020-12-08 01:32:46      "Controller:IndexController      action:captcha"
2020-12-08 01:32:59      "Controller:SuperController      action:users"
2020-12-08 01:32:59      "Controller:IndexController      action:captcha"
2020-12-08 01:33:28      "Controller:SuperController      action:users"
2020-12-08 01:35:03      "Controller:SuperController      action:users"
2020-12-08 01:35:47      "Controller:SuperController      action:users"
2020-12-08 01:35:51      "Controller:SuperController      action:users"
2020-12-08 01:41:21      "Controller:SuperController      action:users"
2020-12-08 01:54:50      "Controller:SuperController      action:users"
2020-12-08 01:55:04      "Controller:SuperController      action:addUser"
2020-12-08 01:55:04      "Controller:SuperController      action:users"
2020-12-08 01:59:51      "Controller:SuperController      action:users"
