2020-12-04 08:00:26      "Controller:IndexController      action:category"
2020-12-04 08:00:42      "Controller:IndexController      action:detail"
2020-12-04 08:00:42      "Controller:IndexController      action:captcha"
2020-12-04 08:00:46      "Controller:IndexController      action:index"
2020-12-04 08:01:29      "Controller:IndexController      action:index"
2020-12-04 08:01:38      "Controller:IndexController      action:search"
2020-12-04 08:01:42      "Controller:IndexController      action:search"
2020-12-04 08:01:45      "Controller:IndexController      action:search"
2020-12-04 08:01:48      "Controller:IndexController      action:detail"
2020-12-04 08:01:49      "Controller:IndexController      action:captcha"
2020-12-04 08:01:52      "Controller:IndexController      action:search"
2020-12-04 08:01:54      "Controller:IndexController      action:detail"
2020-12-04 08:01:54      "Controller:IndexController      action:captcha"
2020-12-04 08:02:00      "Controller:IndexController      action:index"
2020-12-04 08:02:01      "Controller:IndexController      action:detail"
2020-12-04 08:02:01      "Controller:IndexController      action:captcha"
2020-12-04 08:02:03      "Controller:IndexController      action:index"
2020-12-04 08:02:05      "Controller:IndexController      action:detail"
2020-12-04 08:02:05      "Controller:IndexController      action:captcha"
2020-12-04 08:02:06      "Controller:IndexController      action:index"
2020-12-04 08:02:09      "Controller:IndexController      action:detail"
2020-12-04 08:02:10      "Controller:IndexController      action:captcha"
2020-12-04 08:02:12      "Controller:IndexController      action:index"
2020-12-04 08:02:21      "Controller:IndexController      action:index"
2020-12-04 08:02:25      "Controller:IndexController      action:index"
2020-12-04 08:02:26      "Controller:IndexController      action:index"
2020-12-04 08:02:28      "Controller:AdminController      action:index"
2020-12-04 08:02:30      "Controller:AdminController      action:editArticle"
2020-12-04 08:02:33      "Controller:AdminController      action:index"
2020-12-04 08:02:34      "Controller:AdminController      action:editArticle"
2020-12-04 08:02:36      "Controller:AdminController      action:index"
2020-12-04 08:02:36      "Controller:AdminController      action:index"
2020-12-04 08:02:38      "Controller:AdminController      action:editArticle"
2020-12-04 08:02:43      "Controller:AdminController      action:index"
2020-12-04 08:02:45      "Controller:AdminController      action:add_article"
2020-12-04 08:02:51      "Controller:AdminController      action:index"
2020-12-04 08:02:53      "Controller:AdminController      action:comments"
2020-12-04 08:02:54      "Controller:AdminController      action:index"
2020-12-04 08:02:55      "Controller:AdminController      action:index"
2020-12-04 08:02:56      "Controller:AdminController      action:comments"
2020-12-04 08:02:57      "Controller:IndexController      action:index"
