2020-12-04 03:26:43      "Controller:IndexController      action:index"
2020-12-04 03:26:45      "Controller:IndexController      action:detail"
2020-12-04 03:26:45      "Controller:IndexController      action:captcha"
2020-12-04 03:27:07      "Controller:IndexController      action:detail"
2020-12-04 03:27:07      "Controller:IndexController      action:captcha"
2020-12-04 03:27:33      "Controller:IndexController      action:detail"
2020-12-04 03:27:33      "Controller:IndexController      action:captcha"
2020-12-04 03:27:48      "Controller:IndexController      action:detail"
2020-12-04 03:27:48      "Controller:IndexController      action:captcha"
2020-12-04 03:27:57      "Controller:IndexController      action:detail"
2020-12-04 03:27:57      "Controller:IndexController      action:captcha"
2020-12-04 03:28:13      "Controller:IndexController      action:detail"
2020-12-04 03:28:13      "Controller:IndexController      action:captcha"
2020-12-04 03:28:34      "Controller:IndexController      action:detail"
2020-12-04 03:28:34      "Controller:IndexController      action:captcha"
2020-12-04 03:28:45      "Controller:IndexController      action:detail"
2020-12-04 03:28:46      "Controller:IndexController      action:captcha"
2020-12-04 03:28:48      "Controller:IndexController      action:index"
2020-12-04 03:28:49      "Controller:IndexController      action:detail"
2020-12-04 03:28:49      "Controller:IndexController      action:captcha"
2020-12-04 03:28:56      "Controller:IndexController      action:index"
2020-12-04 03:28:58      "Controller:IndexController      action:detail"
2020-12-04 03:28:58      "Controller:IndexController      action:captcha"
2020-12-04 03:29:00      "Controller:IndexController      action:index"
2020-12-04 03:29:01      "Controller:IndexController      action:detail"
2020-12-04 03:29:02      "Controller:IndexController      action:captcha"
2020-12-04 03:29:08      "Controller:AdminController      action:index"
2020-12-04 03:29:09      "Controller:AdminController      action:comments"
