2020-12-04 01:16:55      "Controller:AdminController      action:add_article"
2020-12-04 01:19:08      "Controller:AdminController      action:add_article"
2020-12-04 01:20:40      "Controller:AdminController      action:add_article"
2020-12-04 01:21:16      "Controller:AdminController      action:add_article"
2020-12-04 01:21:50      "Controller:AdminController      action:index"
2020-12-04 01:21:59      "Controller:AdminController      action:editArticle"
2020-12-04 01:22:01      "Controller:AdminController      action:index"
2020-12-04 01:22:02      "Controller:IndexController      action:index"
2020-12-04 01:22:05      "Controller:AdminController      action:index"
2020-12-04 01:22:11      "Controller:AdminController      action:index"
2020-12-04 01:22:16      "Controller:AdminController      action:index"
2020-12-04 01:22:21      "Controller:AdminController      action:index"
2020-12-04 01:22:37      "Controller:SuperController      action:confirm"
2020-12-04 01:22:45      "Controller:AdminController      action:index"
2020-12-04 01:22:50      "Controller:AdminController      action:index"
2020-12-04 01:22:55      "Controller:AdminController      action:index"
2020-12-04 01:23:00      "Controller:AdminController      action:index"
2020-12-04 01:23:05      "Controller:AdminController      action:index"
2020-12-04 01:23:08      "Controller:IndexController      action:index"
2020-12-04 01:24:20      "Controller:AdminController      action:index"
2020-12-04 01:24:21      "Controller:AdminController      action:add_article"
2020-12-04 01:25:14      "Controller:AdminController      action:add_article"
2020-12-04 01:25:28      "Controller:AdminController      action:add_article"
2020-12-04 01:25:40      "Controller:AdminController      action:index"
2020-12-04 01:26:43      "Controller:AdminController      action:index"
2020-12-04 01:26:47      "Controller:SuperController      action:confirm"
2020-12-04 01:26:49      "Controller:IndexController      action:index"
2020-12-04 01:26:52      "Controller:IndexController      action:detail"
2020-12-04 01:26:52      "Controller:IndexController      action:captcha"
2020-12-04 01:27:01      "Controller:IndexController      action:index"
2020-12-04 01:27:08      "Controller:AdminController      action:index"
2020-12-04 01:27:12      "Controller:AdminController      action:add_article"
2020-12-04 01:27:26      "Controller:AdminController      action:add_article"
2020-12-04 01:27:41      "Controller:AdminController      action:add_article"
2020-12-04 01:27:43      "Controller:IndexController      action:index"
2020-12-04 01:27:44      "Controller:AdminController      action:index"
2020-12-04 01:27:48      "Controller:SuperController      action:confirm"
2020-12-04 01:27:50      "Controller:IndexController      action:index"
2020-12-04 01:27:52      "Controller:IndexController      action:detail"
2020-12-04 01:27:52      "Controller:IndexController      action:captcha"
2020-12-04 01:27:55      "Controller:IndexController      action:index"
2020-12-04 01:27:56      "Controller:IndexController      action:index"
2020-12-04 01:29:30      "Controller:IndexController      action:index"
2020-12-04 01:29:31      "Controller:AdminController      action:index"
2020-12-04 01:30:12      "Controller:AdminController      action:index"
2020-12-04 01:31:48      "Controller:AdminController      action:index"
2020-12-04 01:32:54      "Controller:AdminController      action:index"
2020-12-04 01:32:56      "Controller:AdminController      action:index"
2020-12-04 01:32:57      "Controller:AdminController      action:add_article"
2020-12-04 01:33:26      "Controller:AdminController      action:index"
2020-12-04 01:33:54      "Controller:AdminController      action:editArticle"
2020-12-04 01:34:17      "Controller:AdminController      action:index"
2020-12-04 01:34:32      "Controller:AdminController      action:index"
2020-12-04 01:34:35      "Controller:SuperController      action:confirm"
2020-12-04 01:34:37      "Controller:IndexController      action:index"
2020-12-04 01:34:40      "Controller:IndexController      action:index"
2020-12-04 01:34:41      "Controller:IndexController      action:index"
2020-12-04 01:34:43      "Controller:IndexController      action:detail"
2020-12-04 01:34:43      "Controller:IndexController      action:captcha"
2020-12-04 01:34:46      "Controller:IndexController      action:index"
2020-12-04 01:34:51      "Controller:IndexController      action:index"
2020-12-04 01:34:53      "Controller:AdminController      action:index"
2020-12-04 01:35:01      "Controller:AdminController      action:index"
2020-12-04 01:42:16      "Controller:IndexController      action:index"
2020-12-04 01:42:18      "Controller:IndexController      action:detail"
2020-12-04 01:42:18      "Controller:IndexController      action:captcha"
2020-12-04 01:42:20      "Controller:IndexController      action:captcha"
2020-12-04 01:42:20      "Controller:IndexController      action:captcha"
2020-12-04 01:42:20      "Controller:IndexController      action:captcha"
2020-12-04 01:42:20      "Controller:IndexController      action:captcha"
2020-12-04 01:42:21      "Controller:IndexController      action:captcha"
2020-12-04 01:42:21      "Controller:IndexController      action:captcha"
2020-12-04 01:51:59      "Controller:IndexController      action:detail"
2020-12-04 01:51:59      "Controller:IndexController      action:captcha"
2020-12-04 01:52:12      "Controller:IndexController      action:addComment"
2020-12-04 01:52:12      "Controller:IndexController      action:captcha"
2020-12-04 01:52:20      "Controller:IndexController      action:addComment"
2020-12-04 01:52:20      "Controller:IndexController      action:captcha"
2020-12-04 01:52:30      "Controller:IndexController      action:detail"
2020-12-04 01:52:30      "Controller:IndexController      action:captcha"
2020-12-04 01:52:35      "Controller:IndexController      action:addComment"
2020-12-04 01:52:35      "Controller:IndexController      action:captcha"
