2020-12-04 07:07:02      "Controller:AdminController      action:comments"
2020-12-04 07:13:35      "Controller:AdminController      action:comments"
2020-12-04 07:13:40      "Controller:AdminController      action:comments"
2020-12-04 07:14:12      "Controller:IndexController      action:index"
2020-12-04 07:14:14      "Controller:IndexController      action:detail"
2020-12-04 07:14:14      "Controller:IndexController      action:captcha"
2020-12-04 07:14:29      "Controller:IndexController      action:addComment"
2020-12-04 07:14:35      "Controller:IndexController      action:index"
2020-12-04 07:14:37      "Controller:AdminController      action:index"
2020-12-04 07:14:41      "Controller:AdminController      action:comments"
2020-12-04 07:14:42      "Controller:AdminController      action:confirmComment"
2020-12-04 07:14:49      "Controller:AdminController      action:comments"
2020-12-04 07:14:53      "Controller:AdminController      action:comments"
2020-12-04 07:14:56      "Controller:IndexController      action:index"
2020-12-04 07:14:58      "Controller:IndexController      action:detail"
2020-12-04 07:14:58      "Controller:IndexController      action:captcha"
2020-12-04 07:15:06      "Controller:IndexController      action:addComment"
2020-12-04 07:15:07      "Controller:IndexController      action:captcha"
2020-12-04 07:15:12      "Controller:IndexController      action:addComment"
2020-12-04 07:15:15      "Controller:IndexController      action:index"
2020-12-04 07:15:21      "Controller:AdminController      action:index"
2020-12-04 07:15:23      "Controller:AdminController      action:comments"
2020-12-04 07:15:27      "Controller:AdminController      action:confirmComment"
2020-12-04 07:15:37      "Controller:AdminController      action:comments"
2020-12-04 07:16:23      "Controller:IndexController      action:index"
2020-12-04 07:16:25      "Controller:IndexController      action:detail"
2020-12-04 07:16:25      "Controller:IndexController      action:captcha"
2020-12-04 07:16:32      "Controller:IndexController      action:addComment"
2020-12-04 07:17:05      "Controller:IndexController      action:detail"
2020-12-04 07:17:05      "Controller:IndexController      action:captcha"
2020-12-04 07:17:14      "Controller:IndexController      action:addComment"
2020-12-04 07:17:14      "Controller:IndexController      action:captcha"
2020-12-04 07:17:17      "Controller:AdminController      action:index"
2020-12-04 07:17:19      "Controller:AdminController      action:comments"
2020-12-04 07:17:20      "Controller:AdminController      action:confirmComment"
2020-12-04 07:17:27      "Controller:AdminController      action:confirmComment"
2020-12-04 07:17:31      "Controller:AdminController      action:confirmComment"
2020-12-04 07:17:35      "Controller:AdminController      action:comments"
2020-12-04 07:19:02      "Controller:AdminController      action:comments"
2020-12-04 07:19:06      "Controller:IndexController      action:index"
2020-12-04 07:19:07      "Controller:IndexController      action:detail"
2020-12-04 07:19:07      "Controller:IndexController      action:captcha"
2020-12-04 07:19:17      "Controller:IndexController      action:addComment"
2020-12-04 07:19:17      "Controller:IndexController      action:captcha"
2020-12-04 07:19:20      "Controller:AdminController      action:index"
2020-12-04 07:19:21      "Controller:AdminController      action:comments"
2020-12-04 07:19:59      "Controller:AdminController      action:comments"
2020-12-04 07:20:01      "Controller:AdminController      action:confirmComment"
2020-12-04 07:20:02      "Controller:AdminController      action:confirmComment"
2020-12-04 07:20:04      "Controller:AdminController      action:confirmComment"
2020-12-04 07:20:07      "Controller:AdminController      action:confirmComment"
2020-12-04 07:20:08      "Controller:AdminController      action:confirmComment"
2020-12-04 07:20:08      "Controller:AdminController      action:confirmComment"
2020-12-04 07:24:06      "Controller:AdminController      action:comments"
2020-12-04 07:24:20      "Controller:AdminController      action:comments"
2020-12-04 07:24:21      "Controller:AdminController      action:confirmComment"
2020-12-04 07:24:26      "Controller:AdminController      action:confirmComment"
2020-12-04 07:25:09      "Controller:AdminController      action:comments"
2020-12-04 07:25:10      "Controller:AdminController      action:confirmComment"
2020-12-04 07:25:11      "Controller:AdminController      action:confirmComment"
2020-12-04 07:25:11      "Controller:AdminController      action:confirmComment"
2020-12-04 07:25:14      "Controller:AdminController      action:comments"
2020-12-04 07:25:15      "Controller:AdminController      action:confirmComment"
2020-12-04 07:25:15      "Controller:AdminController      action:confirmComment"
2020-12-04 07:25:16      "Controller:AdminController      action:confirmComment"
2020-12-04 07:25:34      "Controller:AdminController      action:comments"
2020-12-04 07:25:41      "Controller:AdminController      action:index"
2020-12-04 07:25:42      "Controller:AdminController      action:comments"
2020-12-04 07:27:07      "Controller:AdminController      action:comments"
2020-12-04 07:27:08      "Controller:SuperController      action:users"
2020-12-04 07:27:11      "Controller:AdminController      action:comments"
2020-12-04 07:27:18      "Controller:IndexController      action:index"
2020-12-04 07:43:07      "Controller:IndexController      action:index"
2020-12-04 07:43:09      "Controller:IndexController      action:login"
2020-12-04 07:43:09      "Controller:IndexController      action:captcha"
2020-12-04 07:43:19      "Controller:IndexController      action:verify"
2020-12-04 07:43:19      "Controller:IndexController      action:captcha"
2020-12-04 07:43:46      "Controller:IndexController      action:verify"
2020-12-04 07:43:46      "Controller:IndexController      action:captcha"
2020-12-04 07:43:46      "Controller:AdminController      action:index"
2020-12-04 07:43:51      "Controller:AdminController      action:comments"
2020-12-04 07:43:53      "Controller:AdminController      action:index"
2020-12-04 07:43:53      "Controller:AdminController      action:comments"
2020-12-04 07:43:54      "Controller:AdminController      action:index"
2020-12-04 07:43:56      "Controller:AdminController      action:comments"
2020-12-04 07:44:00      "Controller:AdminController      action:index"
2020-12-04 07:44:01      "Controller:AdminController      action:comments"
2020-12-04 07:44:02      "Controller:AdminController      action:index"
2020-12-04 07:44:04      "Controller:AdminController      action:comments"
2020-12-04 07:44:06      "Controller:AdminController      action:index"
2020-12-04 07:44:07      "Controller:AdminController      action:index"
2020-12-04 07:44:08      "Controller:AdminController      action:comments"
2020-12-04 07:44:09      "Controller:AdminController      action:index"
2020-12-04 07:44:11      "Controller:IndexController      action:search"
2020-12-04 07:44:16      "Controller:IndexController      action:index"
