2020-12-04 02:11:35      "Controller:IndexController      action:addComment"
2020-12-04 02:14:27      "Controller:IndexController      action:captcha"
2020-12-04 02:14:32      "Controller:IndexController      action:addComment"
2020-12-04 02:14:32      "Controller:IndexController      action:captcha"
2020-12-04 02:15:24      "Controller:IndexController      action:addComment"
2020-12-04 02:15:24      "Controller:IndexController      action:captcha"
2020-12-04 02:15:32      "Controller:IndexController      action:addComment"
2020-12-04 02:15:32      "Controller:IndexController      action:captcha"
2020-12-04 02:16:19      "Controller:IndexController      action:index"
2020-12-04 02:16:48      "Controller:IndexController      action:detail"
2020-12-04 02:16:48      "Controller:IndexController      action:captcha"
2020-12-04 02:17:02      "Controller:IndexController      action:addComment"
2020-12-04 02:17:02      "Controller:IndexController      action:captcha"
2020-12-04 02:17:37      "Controller:IndexController      action:detail"
2020-12-04 02:17:37      "Controller:IndexController      action:captcha"
2020-12-04 02:17:59      "Controller:IndexController      action:addComment"
2020-12-04 02:18:20      "Controller:IndexController      action:detail"
2020-12-04 02:18:20      "Controller:IndexController      action:captcha"
2020-12-04 02:18:26      "Controller:IndexController      action:addComment"
2020-12-04 02:18:46      "Controller:IndexController      action:detail"
2020-12-04 02:18:46      "Controller:IndexController      action:captcha"
2020-12-04 02:32:52      "Controller:AdminController      action:index"
2020-12-04 02:33:28      "Controller:AdminController      action:index"
2020-12-04 02:33:36      "Controller:AdminController      action:comments"
2020-12-04 02:33:39      "Controller:AdminController      action:comments"
2020-12-04 02:33:53      "Controller:AdminController      action:comments"
2020-12-04 02:33:54      "Controller:AdminController      action:comments"
2020-12-04 02:34:06      "Controller:AdminController      action:comments"
2020-12-04 02:34:07      "Controller:AdminController      action:index"
2020-12-04 02:34:08      "Controller:AdminController      action:comments"
2020-12-04 02:34:30      "Controller:AdminController      action:comments"
2020-12-04 02:34:31      "Controller:AdminController      action:comments"
2020-12-04 02:34:41      "Controller:AdminController      action:comments"
2020-12-04 02:34:41      "Controller:AdminController      action:index"
2020-12-04 02:34:42      "Controller:AdminController      action:comments"
2020-12-04 02:34:42      "Controller:AdminController      action:comments"
2020-12-04 02:34:43      "Controller:AdminController      action:comments"
2020-12-04 02:34:43      "Controller:AdminController      action:comments"
2020-12-04 02:34:43      "Controller:AdminController      action:comments"
2020-12-04 02:34:56      "Controller:AdminController      action:comments"
2020-12-04 02:35:10      "Controller:AdminController      action:comments"
2020-12-04 02:35:18      "Controller:AdminController      action:index"
2020-12-04 02:35:20      "Controller:AdminController      action:comments"
